<?xml version="1.0" encoding="UTF-8"?>
<testsuite name="com.turisup.resources.ResourcesApplicationTests" tests="1" skipped="0" failures="0" errors="0" timestamp="2023-02-07T15:00:04" hostname="argos98-pc" time="0.279">
  <properties/>
  <testcase name="contextLoads()" classname="com.turisup.resources.ResourcesApplicationTests" time="0.279"/>
  <system-out><![CDATA[10:00:02.525 [Test worker] DEBUG org.springframework.test.context.BootstrapUtils - Instantiating CacheAwareContextLoaderDelegate from class [org.springframework.test.context.cache.DefaultCacheAwareContextLoaderDelegate]
10:00:02.536 [Test worker] DEBUG org.springframework.test.context.BootstrapUtils - Instantiating BootstrapContext using constructor [public org.springframework.test.context.support.DefaultBootstrapContext(java.lang.Class,org.springframework.test.context.CacheAwareContextLoaderDelegate)]
10:00:02.570 [Test worker] DEBUG org.springframework.test.context.BootstrapUtils - Instantiating TestContextBootstrapper for test class [com.turisup.resources.ResourcesApplicationTests] from class [org.springframework.boot.test.context.SpringBootTestContextBootstrapper]
10:00:02.582 [Test worker] INFO org.springframework.boot.test.context.SpringBootTestContextBootstrapper - Neither @ContextConfiguration nor @ContextHierarchy found for test class [com.turisup.resources.ResourcesApplicationTests], using SpringBootContextLoader
10:00:02.587 [Test worker] DEBUG org.springframework.test.context.support.AbstractContextLoader - Did not detect default resource location for test class [com.turisup.resources.ResourcesApplicationTests]: class path resource [com/turisup/resources/ResourcesApplicationTests-context.xml] does not exist
10:00:02.588 [Test worker] DEBUG org.springframework.test.context.support.AbstractContextLoader - Did not detect default resource location for test class [com.turisup.resources.ResourcesApplicationTests]: class path resource [com/turisup/resources/ResourcesApplicationTestsContext.groovy] does not exist
10:00:02.588 [Test worker] INFO org.springframework.test.context.support.AbstractContextLoader - Could not detect default resource locations for test class [com.turisup.resources.ResourcesApplicationTests]: no resource found for suffixes {-context.xml, Context.groovy}.
10:00:02.589 [Test worker] INFO org.springframework.test.context.support.AnnotationConfigContextLoaderUtils - Could not detect default configuration classes for test class [com.turisup.resources.ResourcesApplicationTests]: ResourcesApplicationTests does not declare any static, non-private, non-final, nested classes annotated with @Configuration.
10:00:02.630 [Test worker] DEBUG org.springframework.test.context.support.ActiveProfilesUtils - Could not find an 'annotation declaring class' for annotation type [org.springframework.test.context.ActiveProfiles] and class [com.turisup.resources.ResourcesApplicationTests]
10:00:02.685 [Test worker] DEBUG org.springframework.context.annotation.ClassPathScanningCandidateComponentProvider - Identified candidate component class: file [/home/argos98/Documentos/Tesis/micro-recursos/build/classes/java/main/com/turisup/resources/ResourcesApplication.class]
10:00:02.687 [Test worker] INFO org.springframework.boot.test.context.SpringBootTestContextBootstrapper - Found @SpringBootConfiguration com.turisup.resources.ResourcesApplication for test class com.turisup.resources.ResourcesApplicationTests
10:00:02.778 [Test worker] DEBUG org.springframework.boot.test.context.SpringBootTestContextBootstrapper - @TestExecutionListeners is not present for class [com.turisup.resources.ResourcesApplicationTests]: using defaults.
10:00:02.779 [Test worker] INFO org.springframework.boot.test.context.SpringBootTestContextBootstrapper - Loaded default TestExecutionListener class names from location [META-INF/spring.factories]: [org.springframework.boot.test.autoconfigure.restdocs.RestDocsTestExecutionListener, org.springframework.boot.test.autoconfigure.web.client.MockRestServiceServerResetTestExecutionListener, org.springframework.boot.test.autoconfigure.web.servlet.MockMvcPrintOnlyOnFailureTestExecutionListener, org.springframework.boot.test.autoconfigure.web.servlet.WebDriverTestExecutionListener, org.springframework.boot.test.autoconfigure.webservices.client.MockWebServiceServerTestExecutionListener, org.springframework.boot.test.mock.mockito.MockitoTestExecutionListener, org.springframework.boot.test.mock.mockito.ResetMocksTestExecutionListener, org.springframework.test.context.web.ServletTestExecutionListener, org.springframework.test.context.support.DirtiesContextBeforeModesTestExecutionListener, org.springframework.test.context.event.ApplicationEventsTestExecutionListener, org.springframework.test.context.support.DependencyInjectionTestExecutionListener, org.springframework.test.context.support.DirtiesContextTestExecutionListener, org.springframework.test.context.transaction.TransactionalTestExecutionListener, org.springframework.test.context.jdbc.SqlScriptsTestExecutionListener, org.springframework.test.context.event.EventPublishingTestExecutionListener]
10:00:02.790 [Test worker] DEBUG org.springframework.boot.test.context.SpringBootTestContextBootstrapper - Skipping candidate TestExecutionListener [org.springframework.test.context.transaction.TransactionalTestExecutionListener] due to a missing dependency. Specify custom listener classes or make the default listener classes and their required dependencies available. Offending class: [org/springframework/transaction/interceptor/TransactionAttributeSource]
10:00:02.790 [Test worker] DEBUG org.springframework.boot.test.context.SpringBootTestContextBootstrapper - Skipping candidate TestExecutionListener [org.springframework.test.context.jdbc.SqlScriptsTestExecutionListener] due to a missing dependency. Specify custom listener classes or make the default listener classes and their required dependencies available. Offending class: [org/springframework/transaction/interceptor/TransactionAttribute]
10:00:02.791 [Test worker] INFO org.springframework.boot.test.context.SpringBootTestContextBootstrapper - Using TestExecutionListeners: [org.springframework.test.context.web.ServletTestExecutionListener@6a988392, org.springframework.test.context.support.DirtiesContextBeforeModesTestExecutionListener@1d71006f, org.springframework.test.context.event.ApplicationEventsTestExecutionListener@5b6813df, org.springframework.boot.test.mock.mockito.MockitoTestExecutionListener@5f2606b, org.springframework.boot.test.autoconfigure.SpringBootDependencyInjectionTestExecutionListener@2b58f754, org.springframework.test.context.support.DirtiesContextTestExecutionListener@3ebff828, org.springframework.test.context.event.EventPublishingTestExecutionListener@2552f2cb, org.springframework.boot.test.autoconfigure.restdocs.RestDocsTestExecutionListener@33352f32, org.springframework.boot.test.autoconfigure.web.client.MockRestServiceServerResetTestExecutionListener@5f3b9c57, org.springframework.boot.test.autoconfigure.web.servlet.MockMvcPrintOnlyOnFailureTestExecutionListener@1e044120, org.springframework.boot.test.autoconfigure.web.servlet.WebDriverTestExecutionListener@2cf23c81, org.springframework.boot.test.autoconfigure.webservices.client.MockWebServiceServerTestExecutionListener@3624da92, org.springframework.boot.test.mock.mockito.ResetMocksTestExecutionListener@35fe2125]
10:00:02.794 [Test worker] DEBUG org.springframework.test.context.support.AbstractDirtiesContextTestExecutionListener - Before test class: context [DefaultTestContext@6f80fafe testClass = ResourcesApplicationTests, testInstance = [null], testMethod = [null], testException = [null], mergedContextConfiguration = [WebMergedContextConfiguration@3af17be2 testClass = ResourcesApplicationTests, locations = '{}', classes = '{class com.turisup.resources.ResourcesApplication}', contextInitializerClasses = '[]', activeProfiles = '{}', propertySourceLocations = '{}', propertySourceProperties = '{org.springframework.boot.test.context.SpringBootTestContextBootstrapper=true}', contextCustomizers = set[org.springframework.boot.test.autoconfigure.actuate.metrics.MetricsExportContextCustomizerFactory$DisableMetricExportContextCustomizer@21a21c64, org.springframework.boot.test.autoconfigure.properties.PropertyMappingContextCustomizer@0, org.springframework.boot.test.autoconfigure.web.servlet.WebDriverContextCustomizerFactory$Customizer@4b1d6571, org.springframework.boot.test.context.filter.ExcludeFilterContextCustomizer@6e950bcf, org.springframework.boot.test.json.DuplicateJsonObjectContextCustomizerFactory$DuplicateJsonObjectContextCustomizer@525575, org.springframework.boot.test.mock.mockito.MockitoContextCustomizer@0, org.springframework.boot.test.web.client.TestRestTemplateContextCustomizer@22d7b4f8, org.springframework.boot.test.context.SpringBootTestArgs@1, org.springframework.boot.test.context.SpringBootTestWebEnvironment@4f2b503c], resourceBasePath = 'src/main/webapp', contextLoader = 'org.springframework.boot.test.context.SpringBootContextLoader', parent = [null]], attributes = map['org.springframework.test.context.web.ServletTestExecutionListener.activateListener' -> true]], class annotated with @DirtiesContext [false] with mode [null].
10:00:02.827 [Test worker] DEBUG org.springframework.test.context.support.TestPropertySourceUtils - Adding inlined properties to environment: {spring.jmx.enabled=false, org.springframework.boot.test.context.SpringBootTestContextBootstrapper=true}

  .   ____          _            __ _ _
 /\\ / ___'_ __ _ _(_)_ __  __ _ \ \ \ \
( ( )\___ | '_ | '_| | '_ \/ _` | \ \ \ \
 \\/  ___)| |_)| | | | | || (_| |  ) ) ) )
  '  |____| .__|_| |_|_| |_\__, | / / / /
 =========|_|==============|___/=/_/_/_/
 :: Spring Boot ::                (v2.4.5)

2023-02-07 10:00:03.043  WARN 596537 --- [    Test worker] ory$DuplicateJsonObjectContextCustomizer : 

Found multiple occurrences of org.json.JSONObject on the class path:

	jar:file:/home/argos98/.gradle/caches/modules-2/files-2.1/com.vaadin.external.google/android-json/0.0.20131108.vaadin1/fa26d351fe62a6a17f5cda1287c1c6110dec413f/android-json-0.0.20131108.vaadin1.jar!/org/json/JSONObject.class
	jar:file:/home/argos98/.gradle/caches/modules-2/files-2.1/org.json/json/20090211/c183aa3a2a6250293808bba12262c8920ce5a51c/json-20090211.jar!/org/json/JSONObject.class

You may wish to exclude one of them to ensure predictable runtime behavior

2023-02-07 10:00:03.060  INFO 596537 --- [    Test worker] c.t.resources.ResourcesApplicationTests  : Starting ResourcesApplicationTests using Java 11.0.17 on argos98-pc with PID 596537 (started by argos98 in /home/argos98/Documentos/Tesis/micro-recursos)
2023-02-07 10:00:03.064  INFO 596537 --- [    Test worker] c.t.resources.ResourcesApplicationTests  : No active profile set, falling back to default profiles: default
2023-02-07 10:00:04.193  INFO 596537 --- [    Test worker] o.s.s.concurrent.ThreadPoolTaskExecutor  : Initializing ExecutorService 'applicationTaskExecutor'
2023-02-07 10:00:04.494  INFO 596537 --- [    Test worker] c.t.resources.ResourcesApplicationTests  : Started ResourcesApplicationTests in 1.661 seconds (JVM running for 2.766)
]]></system-out>
  <system-err><![CDATA[]]></system-err>
</testsuite>
